Multipleimageselect/build/intermediates/manifest_merge_blame_file/debug/manifest-merger-blame-debug-report.txt
1<?xml version="1.0" encoding="utf-8"?>
2<manifest xmlns:android="http://schemas.android.com/apk/res/android"
3    package="com.darsh.multipleimageselect"
4    android:versionCode="1"
5    android:versionName="1.0.0" >
6
7    <uses-sdk
8        android:minSdkVersion="17"
8-->src\main\AndroidManifest.xml
9        android:targetSdkVersion="28" />
9-->src\main\AndroidManifest.xml
10
11    <uses-permission android:name="android.permission.WRITE_EXTERNAL_STORAGE" />
11-->src\main\AndroidManifest.xml:5:5-81
11-->src\main\AndroidManifest.xml:5:22-78
12
13    <application
13-->src\main\AndroidManifest.xml:7:5-28:19
14        android:allowBackup="true"
14-->src\main\AndroidManifest.xml:8:9-35
15        android:label="@string/app_name" >
15-->src\main\AndroidManifest.xml:9:9-41
16        <activity
16-->src\main\AndroidManifest.xml:10:9-18:20
17            android:name="com.darsh.multipleimageselect.activities.AlbumSelectActivity"
17-->src\main\AndroidManifest.xml:11:13-59
18            android:configChanges="orientation|screenSize"
18-->src\main\AndroidManifest.xml:12:13-59
19            android:label="@string/app_name"
19-->src\main\AndroidManifest.xml:13:13-45
20            android:theme="@style/MultipleImageSelectTheme" >
20-->src\main\AndroidManifest.xml:14:13-60
21            <intent-filter>
21-->src\main\AndroidManifest.xml:15:13-17:29
22                <category android:name="android.intent.category.DEFAULT" />
22-->src\main\AndroidManifest.xml:16:17-76
22-->src\main\AndroidManifest.xml:16:27-73
23            </intent-filter>
24        </activity>
25        <activity
25-->src\main\AndroidManifest.xml:19:9-27:20
26            android:name="com.darsh.multipleimageselect.activities.ImageSelectActivity"
26-->src\main\AndroidManifest.xml:20:13-59
27            android:configChanges="orientation|screenSize"
27-->src\main\AndroidManifest.xml:21:13-59
28            android:label="@string/app_name"
28-->src\main\AndroidManifest.xml:22:13-45
29            android:theme="@style/MultipleImageSelectTheme" >
29-->src\main\AndroidManifest.xml:23:13-60
30            <intent-filter>
30-->src\main\AndroidManifest.xml:15:13-17:29
31                <category android:name="android.intent.category.DEFAULT" />
31-->src\main\AndroidManifest.xml:16:17-76
31-->src\main\AndroidManifest.xml:16:27-73
32            </intent-filter>
33        </activity>
34    </application>
35
36</manifest>